<?xml version="1.0" encoding="UTF-8"?>
<testsuite name="jobshop.encodings.EncodingTests" tests="2" skipped="0" failures="0" errors="0" timestamp="2020-04-23T10:27:13" hostname="geitr" time="0.066">
  <properties/>
  <testcase name="testBasicSolver" classname="jobshop.encodings.EncodingTests" time="0.045"/>
  <testcase name="testJobNumbers" classname="jobshop.encodings.EncodingTests" time="0.017"/>
  <system-out><![CDATA[jobshop.Schedule@17e25da5
]]></system-out>
  <system-err><![CDATA[]]></system-err>
</testsuite>
